[2022-01-13 12:25:16,787] {taskinstance.py:1032} INFO - Dependencies all met for <TaskInstance: my_dag.processing_user scheduled__2022-01-12T04:34:30.714488+00:00 [queued]>
[2022-01-13 12:25:16,794] {taskinstance.py:1032} INFO - Dependencies all met for <TaskInstance: my_dag.processing_user scheduled__2022-01-12T04:34:30.714488+00:00 [queued]>
[2022-01-13 12:25:16,794] {taskinstance.py:1238} INFO - 
--------------------------------------------------------------------------------
[2022-01-13 12:25:16,794] {taskinstance.py:1239} INFO - Starting attempt 1 of 1
[2022-01-13 12:25:16,794] {taskinstance.py:1240} INFO - 
--------------------------------------------------------------------------------
[2022-01-13 12:25:16,811] {taskinstance.py:1259} INFO - Executing <Task(PythonOperator): processing_user> on 2022-01-12 04:34:30.714488+00:00
[2022-01-13 12:25:16,812] {standard_task_runner.py:52} INFO - Started process 24758 to run task
[2022-01-13 12:25:16,815] {standard_task_runner.py:76} INFO - Running: ['airflow', 'tasks', 'run', 'my_dag', 'processing_user', 'scheduled__2022-01-12T04:34:30.714488+00:00', '--job-id', '6', '--raw', '--subdir', 'DAGS_FOLDER/my_dag.py', '--cfg-path', '/tmp/tmpgdbrrddk', '--error-file', '/tmp/tmp835fmoes']
[2022-01-13 12:25:16,815] {standard_task_runner.py:77} INFO - Job 6: Subtask processing_user
[2022-01-13 12:25:16,842] {logging_mixin.py:109} INFO - Running <TaskInstance: my_dag.processing_user scheduled__2022-01-12T04:34:30.714488+00:00 [running]> on host gianghoatran-Vostro-3591
[2022-01-13 12:25:16,880] {taskinstance.py:1424} INFO - Exporting the following env vars:
AIRFLOW_CTX_DAG_OWNER=airflow
AIRFLOW_CTX_DAG_ID=my_dag
AIRFLOW_CTX_TASK_ID=processing_user
AIRFLOW_CTX_EXECUTION_DATE=2022-01-12T04:34:30.714488+00:00
AIRFLOW_CTX_DAG_RUN_ID=scheduled__2022-01-12T04:34:30.714488+00:00
[2022-01-13 12:25:16,882] {logging_mixin.py:109} INFO - [{'SK': 'ACCOUNT#GiangHoaTran', 'PK': 'ACCOUNT#GiangHoaTran', 'Type': 'User', 'Username': 'GiangHoaTran', 'CreatedAt': '13-01-2022 11-00-08'}]
[2022-01-13 12:25:16,882] {python.py:175} INFO - Done. Returned value was: None
[2022-01-13 12:25:16,885] {taskinstance.py:1267} INFO - Marking task as SUCCESS. dag_id=my_dag, task_id=processing_user, execution_date=20220112T043430, start_date=20220113T052516, end_date=20220113T052516
[2022-01-13 12:25:16,907] {local_task_job.py:154} INFO - Task exited with return code 0
[2022-01-13 12:25:16,923] {local_task_job.py:264} INFO - 0 downstream tasks scheduled from follow-on schedule check
