[2022-01-13 12:34:05,647] {taskinstance.py:1032} INFO - Dependencies all met for <TaskInstance: my_dag.processing_user scheduled__2022-01-12T04:34:30.714488+00:00 [queued]>
[2022-01-13 12:34:05,651] {taskinstance.py:1032} INFO - Dependencies all met for <TaskInstance: my_dag.processing_user scheduled__2022-01-12T04:34:30.714488+00:00 [queued]>
[2022-01-13 12:34:05,651] {taskinstance.py:1238} INFO - 
--------------------------------------------------------------------------------
[2022-01-13 12:34:05,651] {taskinstance.py:1239} INFO - Starting attempt 6 of 6
[2022-01-13 12:34:05,651] {taskinstance.py:1240} INFO - 
--------------------------------------------------------------------------------
[2022-01-13 12:34:05,667] {taskinstance.py:1259} INFO - Executing <Task(PythonOperator): processing_user> on 2022-01-12 04:34:30.714488+00:00
[2022-01-13 12:34:05,669] {standard_task_runner.py:52} INFO - Started process 27780 to run task
[2022-01-13 12:34:05,671] {standard_task_runner.py:76} INFO - Running: ['airflow', 'tasks', 'run', 'my_dag', 'processing_user', 'scheduled__2022-01-12T04:34:30.714488+00:00', '--job-id', '21', '--raw', '--subdir', 'DAGS_FOLDER/my_dag.py', '--cfg-path', '/tmp/tmpfvnj_12_', '--error-file', '/tmp/tmp2gi_eqig']
[2022-01-13 12:34:05,672] {standard_task_runner.py:77} INFO - Job 21: Subtask processing_user
[2022-01-13 12:34:05,699] {logging_mixin.py:109} INFO - Running <TaskInstance: my_dag.processing_user scheduled__2022-01-12T04:34:30.714488+00:00 [running]> on host gianghoatran-Vostro-3591
[2022-01-13 12:34:05,727] {taskinstance.py:1424} INFO - Exporting the following env vars:
AIRFLOW_CTX_DAG_OWNER=airflow
AIRFLOW_CTX_DAG_ID=my_dag
AIRFLOW_CTX_TASK_ID=processing_user
AIRFLOW_CTX_EXECUTION_DATE=2022-01-12T04:34:30.714488+00:00
AIRFLOW_CTX_DAG_RUN_ID=scheduled__2022-01-12T04:34:30.714488+00:00
[2022-01-13 12:34:05,732] {python.py:175} INFO - Done. Returned value was: None
[2022-01-13 12:34:05,736] {taskinstance.py:1267} INFO - Marking task as SUCCESS. dag_id=my_dag, task_id=processing_user, execution_date=20220112T043430, start_date=20220113T053405, end_date=20220113T053405
[2022-01-13 12:34:05,763] {local_task_job.py:154} INFO - Task exited with return code 0
[2022-01-13 12:34:05,772] {local_task_job.py:264} INFO - 0 downstream tasks scheduled from follow-on schedule check
