[2022-01-13 12:29:55,331] {taskinstance.py:1032} INFO - Dependencies all met for <TaskInstance: my_dag.is_api_available scheduled__2022-01-12T04:34:30.714488+00:00 [queued]>
[2022-01-13 12:29:55,335] {taskinstance.py:1032} INFO - Dependencies all met for <TaskInstance: my_dag.is_api_available scheduled__2022-01-12T04:34:30.714488+00:00 [queued]>
[2022-01-13 12:29:55,336] {taskinstance.py:1238} INFO - 
--------------------------------------------------------------------------------
[2022-01-13 12:29:55,336] {taskinstance.py:1239} INFO - Starting attempt 6 of 6
[2022-01-13 12:29:55,336] {taskinstance.py:1240} INFO - 
--------------------------------------------------------------------------------
[2022-01-13 12:29:55,351] {taskinstance.py:1259} INFO - Executing <Task(HttpSensor): is_api_available> on 2022-01-12 04:34:30.714488+00:00
[2022-01-13 12:29:55,353] {standard_task_runner.py:52} INFO - Started process 26531 to run task
[2022-01-13 12:29:55,355] {standard_task_runner.py:76} INFO - Running: ['airflow', 'tasks', 'run', 'my_dag', 'is_api_available', 'scheduled__2022-01-12T04:34:30.714488+00:00', '--job-id', '16', '--raw', '--subdir', 'DAGS_FOLDER/my_dag.py', '--cfg-path', '/tmp/tmpvt0segwn', '--error-file', '/tmp/tmpinafck_e']
[2022-01-13 12:29:55,356] {standard_task_runner.py:77} INFO - Job 16: Subtask is_api_available
[2022-01-13 12:29:55,384] {logging_mixin.py:109} INFO - Running <TaskInstance: my_dag.is_api_available scheduled__2022-01-12T04:34:30.714488+00:00 [running]> on host gianghoatran-Vostro-3591
[2022-01-13 12:29:55,410] {taskinstance.py:1424} INFO - Exporting the following env vars:
AIRFLOW_CTX_DAG_OWNER=airflow
AIRFLOW_CTX_DAG_ID=my_dag
AIRFLOW_CTX_TASK_ID=is_api_available
AIRFLOW_CTX_EXECUTION_DATE=2022-01-12T04:34:30.714488+00:00
AIRFLOW_CTX_DAG_RUN_ID=scheduled__2022-01-12T04:34:30.714488+00:00
[2022-01-13 12:29:55,410] {http.py:101} INFO - Poking: user/GiangHoaTran
[2022-01-13 12:29:55,413] {base.py:70} INFO - Using connection to: id: user_api. Host: http://127.0.0.1:8000/, Port: None, Schema: , Login: , Password: None, extra: {}
[2022-01-13 12:29:55,413] {http.py:140} INFO - Sending 'GET' to url: http://127.0.0.1:8000/user/GiangHoaTran
[2022-01-13 12:29:55,843] {base.py:249} INFO - Success criteria met. Exiting.
[2022-01-13 12:29:55,849] {taskinstance.py:1267} INFO - Marking task as SUCCESS. dag_id=my_dag, task_id=is_api_available, execution_date=20220112T043430, start_date=20220113T052955, end_date=20220113T052955
[2022-01-13 12:29:55,888] {local_task_job.py:154} INFO - Task exited with return code 0
[2022-01-13 12:29:55,919] {local_task_job.py:264} INFO - 1 downstream tasks scheduled from follow-on schedule check
